Determining if the include file unistd.h exists failed with the following output:
Change Dir: D:/A/SourceCode/Aurora/SelenaSoft/Nmap-7.70/libpcap/Build/CMakeFiles/CMakeTmp

Run Build Command(s):D:/Microsoft Visual Studio 15/MSBuild/15.0/Bin/MSBuild.exe cmTC_1029a.vcxproj /p:Configuration=Debug /p:Platform=x64 /p:VisualStudioVersion=15.0 /v:m 
Microsoft (R) Build Engine version 15.9.21+g9802d43bc3 for .NET Framework
Copyright (C) Microsoft Corporation. All rights reserved.

  Microsoft (R) C/C++ Optimizing Compiler Version 19.16.27032.1 for x64
  Copyright (C) Microsoft Corporation.  All rights reserved.
  
  cl /c /Zi /W3 /WX- /diagnostics:classic /Od /Ob0 /D WIN32 /D _WINDOWS /D "CMAKE_INTDIR=\"Debug\"" /D _MBCS /Gm- /RTC1 /MDd /GS /fp:precise /Qspectre /Zc:wchar_t /Zc:forScope /Zc:inline /Fo"cmTC_1029a.dir\Debug\\" /Fd"cmTC_1029a.dir\Debug\vc141.pdb" /Gd /TC /errorReport:queue "D:\A\SourceCode\Aurora\SelenaSoft\Nmap-7.70\libpcap\Build\CMakeFiles\CMakeTmp\CheckIncludeFile.c"
  CheckIncludeFile.c
  
D:\A\SourceCode\Aurora\SelenaSoft\Nmap-7.70\libpcap\Build\CMakeFiles\CMakeTmp\CheckIncludeFile.c(1): fatal error C1083: Cannot open include file: 'unistd.h': No such file or directory [D:\A\SourceCode\Aurora\SelenaSoft\Nmap-7.70\libpcap\Build\CMakeFiles\CMakeTmp\cmTC_1029a.vcxproj]


Determining if the include file bitypes.h exists failed with the following output:
Change Dir: D:/A/SourceCode/Aurora/SelenaSoft/Nmap-7.70/libpcap/Build/CMakeFiles/CMakeTmp

Run Build Command(s):D:/Microsoft Visual Studio 15/MSBuild/15.0/Bin/MSBuild.exe cmTC_2b1d8.vcxproj /p:Configuration=Debug /p:Platform=x64 /p:VisualStudioVersion=15.0 /v:m 
Microsoft (R) Build Engine version 15.9.21+g9802d43bc3 for .NET Framework
Copyright (C) Microsoft Corporation. All rights reserved.

  Microsoft (R) C/C++ Optimizing Compiler Version 19.16.27032.1 for x64
  Copyright (C) Microsoft Corporation.  All rights reserved.
  
  cl /c /Zi /W3 /WX- /diagnostics:classic /Od /Ob0 /D WIN32 /D _WINDOWS /D "CMAKE_INTDIR=\"Debug\"" /D _MBCS /Gm- /RTC1 /MDd /GS /fp:precise /Qspectre /Zc:wchar_t /Zc:forScope /Zc:inline /Fo"cmTC_2b1d8.dir\Debug\\" /Fd"cmTC_2b1d8.dir\Debug\vc141.pdb" /Gd /TC /errorReport:queue "D:\A\SourceCode\Aurora\SelenaSoft\Nmap-7.70\libpcap\Build\CMakeFiles\CMakeTmp\CheckIncludeFile.c"
  CheckIncludeFile.c
  
D:\A\SourceCode\Aurora\SelenaSoft\Nmap-7.70\libpcap\Build\CMakeFiles\CMakeTmp\CheckIncludeFile.c(1): fatal error C1083: Cannot open include file: 'bitypes.h': No such file or directory [D:\A\SourceCode\Aurora\SelenaSoft\Nmap-7.70\libpcap\Build\CMakeFiles\CMakeTmp\cmTC_2b1d8.vcxproj]


Determining if the function strerror_r exists failed with the following output:
Change Dir: D:/A/SourceCode/Aurora/SelenaSoft/Nmap-7.70/libpcap/Build/CMakeFiles/CMakeTmp

Run Build Command(s):D:/Microsoft Visual Studio 15/MSBuild/15.0/Bin/MSBuild.exe cmTC_25cf4.vcxproj /p:Configuration=Debug /p:Platform=x64 /p:VisualStudioVersion=15.0 /v:m 
Microsoft (R) Build Engine version 15.9.21+g9802d43bc3 for .NET Framework
Copyright (C) Microsoft Corporation. All rights reserved.

  Microsoft (R) C/C++ Optimizing Compiler Version 19.16.27032.1 for x64
  Copyright (C) Microsoft Corporation.  All rights reserved.
  
  cl /c /Zi /W3 /WX- /diagnostics:classic /Od /Ob0 /D WIN32 /D _WINDOWS /D CHECK_FUNCTION_EXISTS=strerror_r /D "CMAKE_INTDIR=\"Debug\"" /D _MBCS /Gm- /RTC1 /MDd /GS /fp:precise /Qspectre /Zc:wchar_t /Zc:forScope /Zc:inline /Fo"cmTC_25cf4.dir\Debug\\" /Fd"cmTC_25cf4.dir\Debug\vc141.pdb" /Gd /TC /errorReport:queue "D:\Programs\CMake\share\cmake-3.14\Modules\CheckFunctionExists.c"
  CheckFunctionExists.c
  
CheckFunctionExists.obj : error LNK2019: unresolved external symbol strerror_r referenced in function main [D:\A\SourceCode\Aurora\SelenaSoft\Nmap-7.70\libpcap\Build\CMakeFiles\CMakeTmp\cmTC_25cf4.vcxproj]
D:\A\SourceCode\Aurora\SelenaSoft\Nmap-7.70\libpcap\Build\CMakeFiles\CMakeTmp\Debug\cmTC_25cf4.exe : fatal error LNK1120: 1 unresolved externals [D:\A\SourceCode\Aurora\SelenaSoft\Nmap-7.70\libpcap\Build\CMakeFiles\CMakeTmp\cmTC_25cf4.vcxproj]


Determining if the function strlcpy exists failed with the following output:
Change Dir: D:/A/SourceCode/Aurora/SelenaSoft/Nmap-7.70/libpcap/Build/CMakeFiles/CMakeTmp

Run Build Command(s):D:/Microsoft Visual Studio 15/MSBuild/15.0/Bin/MSBuild.exe cmTC_30397.vcxproj /p:Configuration=Debug /p:Platform=x64 /p:VisualStudioVersion=15.0 /v:m 
Microsoft (R) Build Engine version 15.9.21+g9802d43bc3 for .NET Framework
Copyright (C) Microsoft Corporation. All rights reserved.

  Microsoft (R) C/C++ Optimizing Compiler Version 19.16.27032.1 for x64
  Copyright (C) Microsoft Corporation.  All rights reserved.
  
  cl /c /Zi /W3 /WX- /diagnostics:classic /Od /Ob0 /D WIN32 /D _WINDOWS /D CHECK_FUNCTION_EXISTS=strlcpy /D "CMAKE_INTDIR=\"Debug\"" /D _MBCS /Gm- /RTC1 /MDd /GS /fp:precise /Qspectre /Zc:wchar_t /Zc:forScope /Zc:inline /Fo"cmTC_30397.dir\Debug\\" /Fd"cmTC_30397.dir\Debug\vc141.pdb" /Gd /TC /errorReport:queue "D:\Programs\CMake\share\cmake-3.14\Modules\CheckFunctionExists.c"
  CheckFunctionExists.c
  
CheckFunctionExists.obj : error LNK2019: unresolved external symbol strlcpy referenced in function main [D:\A\SourceCode\Aurora\SelenaSoft\Nmap-7.70\libpcap\Build\CMakeFiles\CMakeTmp\cmTC_30397.vcxproj]
D:\A\SourceCode\Aurora\SelenaSoft\Nmap-7.70\libpcap\Build\CMakeFiles\CMakeTmp\Debug\cmTC_30397.exe : fatal error LNK1120: 1 unresolved externals [D:\A\SourceCode\Aurora\SelenaSoft\Nmap-7.70\libpcap\Build\CMakeFiles\CMakeTmp\cmTC_30397.vcxproj]


Determining if the function strlcat exists failed with the following output:
Change Dir: D:/A/SourceCode/Aurora/SelenaSoft/Nmap-7.70/libpcap/Build/CMakeFiles/CMakeTmp

Run Build Command(s):D:/Microsoft Visual Studio 15/MSBuild/15.0/Bin/MSBuild.exe cmTC_b4c2c.vcxproj /p:Configuration=Debug /p:Platform=x64 /p:VisualStudioVersion=15.0 /v:m 
Microsoft (R) Build Engine version 15.9.21+g9802d43bc3 for .NET Framework
Copyright (C) Microsoft Corporation. All rights reserved.

  Microsoft (R) C/C++ Optimizing Compiler Version 19.16.27032.1 for x64
  Copyright (C) Microsoft Corporation.  All rights reserved.
  
  cl /c /Zi /W3 /WX- /diagnostics:classic /Od /Ob0 /D WIN32 /D _WINDOWS /D CHECK_FUNCTION_EXISTS=strlcat /D "CMAKE_INTDIR=\"Debug\"" /D _MBCS /Gm- /RTC1 /MDd /GS /fp:precise /Qspectre /Zc:wchar_t /Zc:forScope /Zc:inline /Fo"cmTC_b4c2c.dir\Debug\\" /Fd"cmTC_b4c2c.dir\Debug\vc141.pdb" /Gd /TC /errorReport:queue "D:\Programs\CMake\share\cmake-3.14\Modules\CheckFunctionExists.c"
  CheckFunctionExists.c
  
CheckFunctionExists.obj : error LNK2019: unresolved external symbol strlcat referenced in function main [D:\A\SourceCode\Aurora\SelenaSoft\Nmap-7.70\libpcap\Build\CMakeFiles\CMakeTmp\cmTC_b4c2c.vcxproj]
D:\A\SourceCode\Aurora\SelenaSoft\Nmap-7.70\libpcap\Build\CMakeFiles\CMakeTmp\Debug\cmTC_b4c2c.exe : fatal error LNK1120: 1 unresolved externals [D:\A\SourceCode\Aurora\SelenaSoft\Nmap-7.70\libpcap\Build\CMakeFiles\CMakeTmp\cmTC_b4c2c.vcxproj]


Determining if the function snprintf exists failed with the following output:
Change Dir: D:/A/SourceCode/Aurora/SelenaSoft/Nmap-7.70/libpcap/Build/CMakeFiles/CMakeTmp

Run Build Command(s):D:/Microsoft Visual Studio 15/MSBuild/15.0/Bin/MSBuild.exe cmTC_c77b5.vcxproj /p:Configuration=Debug /p:Platform=x64 /p:VisualStudioVersion=15.0 /v:m 
Microsoft (R) Build Engine version 15.9.21+g9802d43bc3 for .NET Framework
Copyright (C) Microsoft Corporation. All rights reserved.

  Microsoft (R) C/C++ Optimizing Compiler Version 19.16.27032.1 for x64
  Copyright (C) Microsoft Corporation.  All rights reserved.
  
  cl /c /Zi /W3 /WX- /diagnostics:classic /Od /Ob0 /D WIN32 /D _WINDOWS /D CHECK_FUNCTION_EXISTS=snprintf /D "CMAKE_INTDIR=\"Debug\"" /D _MBCS /Gm- /RTC1 /MDd /GS /fp:precise /Qspectre /Zc:wchar_t /Zc:forScope /Zc:inline /Fo"cmTC_c77b5.dir\Debug\\" /Fd"cmTC_c77b5.dir\Debug\vc141.pdb" /Gd /TC /errorReport:queue "D:\Programs\CMake\share\cmake-3.14\Modules\CheckFunctionExists.c"
  CheckFunctionExists.c
  
CheckFunctionExists.obj : error LNK2019: unresolved external symbol snprintf referenced in function main [D:\A\SourceCode\Aurora\SelenaSoft\Nmap-7.70\libpcap\Build\CMakeFiles\CMakeTmp\cmTC_c77b5.vcxproj]
D:\A\SourceCode\Aurora\SelenaSoft\Nmap-7.70\libpcap\Build\CMakeFiles\CMakeTmp\Debug\cmTC_c77b5.exe : fatal error LNK1120: 1 unresolved externals [D:\A\SourceCode\Aurora\SelenaSoft\Nmap-7.70\libpcap\Build\CMakeFiles\CMakeTmp\cmTC_c77b5.vcxproj]


Determining if the function vsnprintf exists failed with the following output:
Change Dir: D:/A/SourceCode/Aurora/SelenaSoft/Nmap-7.70/libpcap/Build/CMakeFiles/CMakeTmp

Run Build Command(s):D:/Microsoft Visual Studio 15/MSBuild/15.0/Bin/MSBuild.exe cmTC_9f1b6.vcxproj /p:Configuration=Debug /p:Platform=x64 /p:VisualStudioVersion=15.0 /v:m 
Microsoft (R) Build Engine version 15.9.21+g9802d43bc3 for .NET Framework
Copyright (C) Microsoft Corporation. All rights reserved.

  Microsoft (R) C/C++ Optimizing Compiler Version 19.16.27032.1 for x64
  Copyright (C) Microsoft Corporation.  All rights reserved.
  
  cl /c /Zi /W3 /WX- /diagnostics:classic /Od /Ob0 /D WIN32 /D _WINDOWS /D CHECK_FUNCTION_EXISTS=vsnprintf /D "CMAKE_INTDIR=\"Debug\"" /D _MBCS /Gm- /RTC1 /MDd /GS /fp:precise /Qspectre /Zc:wchar_t /Zc:forScope /Zc:inline /Fo"cmTC_9f1b6.dir\Debug\\" /Fd"cmTC_9f1b6.dir\Debug\vc141.pdb" /Gd /TC /errorReport:queue "D:\Programs\CMake\share\cmake-3.14\Modules\CheckFunctionExists.c"
  CheckFunctionExists.c
  
CheckFunctionExists.obj : error LNK2019: unresolved external symbol vsnprintf referenced in function main [D:\A\SourceCode\Aurora\SelenaSoft\Nmap-7.70\libpcap\Build\CMakeFiles\CMakeTmp\cmTC_9f1b6.vcxproj]
MSVCRTD.lib(vsnprintf.obj) : error LNK2001: unresolved external symbol vsnprintf [D:\A\SourceCode\Aurora\SelenaSoft\Nmap-7.70\libpcap\Build\CMakeFiles\CMakeTmp\cmTC_9f1b6.vcxproj]
MSVCRTD.lib(vsnprintf.obj) : error LNK2001: unresolved external symbol _vsnprintf [D:\A\SourceCode\Aurora\SelenaSoft\Nmap-7.70\libpcap\Build\CMakeFiles\CMakeTmp\cmTC_9f1b6.vcxproj]
D:\A\SourceCode\Aurora\SelenaSoft\Nmap-7.70\libpcap\Build\CMakeFiles\CMakeTmp\Debug\cmTC_9f1b6.exe : fatal error LNK1120: 2 unresolved externals [D:\A\SourceCode\Aurora\SelenaSoft\Nmap-7.70\libpcap\Build\CMakeFiles\CMakeTmp\cmTC_9f1b6.vcxproj]


Determining if the function strtok_r exists failed with the following output:
Change Dir: D:/A/SourceCode/Aurora/SelenaSoft/Nmap-7.70/libpcap/Build/CMakeFiles/CMakeTmp

Run Build Command(s):D:/Microsoft Visual Studio 15/MSBuild/15.0/Bin/MSBuild.exe cmTC_7241a.vcxproj /p:Configuration=Debug /p:Platform=x64 /p:VisualStudioVersion=15.0 /v:m 
Microsoft (R) Build Engine version 15.9.21+g9802d43bc3 for .NET Framework
Copyright (C) Microsoft Corporation. All rights reserved.

  Microsoft (R) C/C++ Optimizing Compiler Version 19.16.27032.1 for x64
  Copyright (C) Microsoft Corporation.  All rights reserved.
  
  cl /c /Zi /W3 /WX- /diagnostics:classic /Od /Ob0 /D WIN32 /D _WINDOWS /D CHECK_FUNCTION_EXISTS=strtok_r /D "CMAKE_INTDIR=\"Debug\"" /D _MBCS /Gm- /RTC1 /MDd /GS /fp:precise /Qspectre /Zc:wchar_t /Zc:forScope /Zc:inline /Fo"cmTC_7241a.dir\Debug\\" /Fd"cmTC_7241a.dir\Debug\vc141.pdb" /Gd /TC /errorReport:queue "D:\Programs\CMake\share\cmake-3.14\Modules\CheckFunctionExists.c"
  CheckFunctionExists.c
  
CheckFunctionExists.obj : error LNK2019: unresolved external symbol strtok_r referenced in function main [D:\A\SourceCode\Aurora\SelenaSoft\Nmap-7.70\libpcap\Build\CMakeFiles\CMakeTmp\cmTC_7241a.vcxproj]
D:\A\SourceCode\Aurora\SelenaSoft\Nmap-7.70\libpcap\Build\CMakeFiles\CMakeTmp\Debug\cmTC_7241a.exe : fatal error LNK1120: 1 unresolved externals [D:\A\SourceCode\Aurora\SelenaSoft\Nmap-7.70\libpcap\Build\CMakeFiles\CMakeTmp\cmTC_7241a.vcxproj]


Determining if the getnetbyname_r exist failed with the following output:
Change Dir: D:/A/SourceCode/Aurora/SelenaSoft/Nmap-7.70/libpcap/Build/CMakeFiles/CMakeTmp

Run Build Command(s):D:/Microsoft Visual Studio 15/MSBuild/15.0/Bin/MSBuild.exe cmTC_c59c6.vcxproj /p:Configuration=Debug /p:Platform=x64 /p:VisualStudioVersion=15.0 /v:m 
Microsoft (R) Build Engine version 15.9.21+g9802d43bc3 for .NET Framework
Copyright (C) Microsoft Corporation. All rights reserved.

  Microsoft (R) C/C++ Optimizing Compiler Version 19.16.27032.1 for x64
  Copyright (C) Microsoft Corporation.  All rights reserved.
  
  cl /c /Zi /W3 /WX- /diagnostics:classic /Od /Ob0 /D WIN32 /D _WINDOWS /D "CMAKE_INTDIR=\"Debug\"" /D _MBCS /Gm- /RTC1 /MDd /GS /fp:precise /Qspectre /Zc:wchar_t /Zc:forScope /Zc:inline /Fo"cmTC_c59c6.dir\Debug\\" /Fd"cmTC_c59c6.dir\Debug\vc141.pdb" /Gd /TC /errorReport:queue "D:\A\SourceCode\Aurora\SelenaSoft\Nmap-7.70\libpcap\Build\CMakeFiles\CMakeTmp\CheckSymbolExists.c"
  CheckSymbolExists.c
  
D:\A\SourceCode\Aurora\SelenaSoft\Nmap-7.70\libpcap\Build\CMakeFiles\CMakeTmp\CheckSymbolExists.c(2): fatal error C1083: Cannot open include file: 'netdb.h': No such file or directory [D:\A\SourceCode\Aurora\SelenaSoft\Nmap-7.70\libpcap\Build\CMakeFiles\CMakeTmp\cmTC_c59c6.vcxproj]

File D:/A/SourceCode/Aurora/SelenaSoft/Nmap-7.70/libpcap/Build/CMakeFiles/CMakeTmp/CheckSymbolExists.c:
/* */
#include <netdb.h>

int main(int argc, char** argv)
{
  (void)argv;
#ifndef getnetbyname_r
  return ((int*)(&getnetbyname_r))[argc];
#else
  (void)argc;
  return 0;
#endif
}

Determining if the getprotobyname_r exist failed with the following output:
Change Dir: D:/A/SourceCode/Aurora/SelenaSoft/Nmap-7.70/libpcap/Build/CMakeFiles/CMakeTmp

Run Build Command(s):D:/Microsoft Visual Studio 15/MSBuild/15.0/Bin/MSBuild.exe cmTC_055ab.vcxproj /p:Configuration=Debug /p:Platform=x64 /p:VisualStudioVersion=15.0 /v:m 
Microsoft (R) Build Engine version 15.9.21+g9802d43bc3 for .NET Framework
Copyright (C) Microsoft Corporation. All rights reserved.

  Microsoft (R) C/C++ Optimizing Compiler Version 19.16.27032.1 for x64
  Copyright (C) Microsoft Corporation.  All rights reserved.
  
  cl /c /Zi /W3 /WX- /diagnostics:classic /Od /Ob0 /D WIN32 /D _WINDOWS /D "CMAKE_INTDIR=\"Debug\"" /D _MBCS /Gm- /RTC1 /MDd /GS /fp:precise /Qspectre /Zc:wchar_t /Zc:forScope /Zc:inline /Fo"cmTC_055ab.dir\Debug\\" /Fd"cmTC_055ab.dir\Debug\vc141.pdb" /Gd /TC /errorReport:queue "D:\A\SourceCode\Aurora\SelenaSoft\Nmap-7.70\libpcap\Build\CMakeFiles\CMakeTmp\CheckSymbolExists.c"
  CheckSymbolExists.c
  
D:\A\SourceCode\Aurora\SelenaSoft\Nmap-7.70\libpcap\Build\CMakeFiles\CMakeTmp\CheckSymbolExists.c(2): fatal error C1083: Cannot open include file: 'netdb.h': No such file or directory [D:\A\SourceCode\Aurora\SelenaSoft\Nmap-7.70\libpcap\Build\CMakeFiles\CMakeTmp\cmTC_055ab.vcxproj]

File D:/A/SourceCode/Aurora/SelenaSoft/Nmap-7.70/libpcap/Build/CMakeFiles/CMakeTmp/CheckSymbolExists.c:
/* */
#include <netdb.h>

int main(int argc, char** argv)
{
  (void)argv;
#ifndef getprotobyname_r
  return ((int*)(&getprotobyname_r))[argc];
#else
  (void)argc;
  return 0;
#endif
}

Determining size of socklen_t failed with the following output:
Change Dir: D:/A/SourceCode/Aurora/SelenaSoft/Nmap-7.70/libpcap/Build/CMakeFiles/CMakeTmp

Run Build Command(s):D:/Microsoft Visual Studio 15/MSBuild/15.0/Bin/MSBuild.exe cmTC_73095.vcxproj /p:Configuration=Debug /p:Platform=x64 /p:VisualStudioVersion=15.0 /v:m 
Microsoft (R) Build Engine version 15.9.21+g9802d43bc3 for .NET Framework
Copyright (C) Microsoft Corporation. All rights reserved.

  Microsoft (R) C/C++ Optimizing Compiler Version 19.16.27032.1 for x64
  Copyright (C) Microsoft Corporation.  All rights reserved.
  
  cl /c /Zi /W3 /WX- /diagnostics:classic /Od /Ob0 /D WIN32 /D _WINDOWS /D "CMAKE_INTDIR=\"Debug\"" /D _MBCS /Gm- /RTC1 /MDd /GS /fp:precise /Qspectre /Zc:wchar_t /Zc:forScope /Zc:inline /Fo"cmTC_73095.dir\Debug\\" /Fd"cmTC_73095.dir\Debug\vc141.pdb" /Gd /TC /errorReport:queue "D:\A\SourceCode\Aurora\SelenaSoft\Nmap-7.70\libpcap\Build\CMakeFiles\CheckTypeSize\SOCKLEN_T.c"
  SOCKLEN_T.c
  
D:\A\SourceCode\Aurora\SelenaSoft\Nmap-7.70\libpcap\Build\CMakeFiles\CheckTypeSize\SOCKLEN_T.c(26): error C2065: 'socklen_t': undeclared identifier [D:\A\SourceCode\Aurora\SelenaSoft\Nmap-7.70\libpcap\Build\CMakeFiles\CMakeTmp\cmTC_73095.vcxproj]
D:\A\SourceCode\Aurora\SelenaSoft\Nmap-7.70\libpcap\Build\CMakeFiles\CheckTypeSize\SOCKLEN_T.c(27): error C2065: 'socklen_t': undeclared identifier [D:\A\SourceCode\Aurora\SelenaSoft\Nmap-7.70\libpcap\Build\CMakeFiles\CMakeTmp\cmTC_73095.vcxproj]
D:\A\SourceCode\Aurora\SelenaSoft\Nmap-7.70\libpcap\Build\CMakeFiles\CheckTypeSize\SOCKLEN_T.c(28): error C2065: 'socklen_t': undeclared identifier [D:\A\SourceCode\Aurora\SelenaSoft\Nmap-7.70\libpcap\Build\CMakeFiles\CMakeTmp\cmTC_73095.vcxproj]
D:\A\SourceCode\Aurora\SelenaSoft\Nmap-7.70\libpcap\Build\CMakeFiles\CheckTypeSize\SOCKLEN_T.c(29): error C2065: 'socklen_t': undeclared identifier [D:\A\SourceCode\Aurora\SelenaSoft\Nmap-7.70\libpcap\Build\CMakeFiles\CMakeTmp\cmTC_73095.vcxproj]
D:\A\SourceCode\Aurora\SelenaSoft\Nmap-7.70\libpcap\Build\CMakeFiles\CheckTypeSize\SOCKLEN_T.c(30): error C2065: 'socklen_t': undeclared identifier [D:\A\SourceCode\Aurora\SelenaSoft\Nmap-7.70\libpcap\Build\CMakeFiles\CMakeTmp\cmTC_73095.vcxproj]

D:/A/SourceCode/Aurora/SelenaSoft/Nmap-7.70/libpcap/Build/CMakeFiles/CheckTypeSize/SOCKLEN_T.c:
#include <sys/types.h>
#include <stdint.h>
#include <stddef.h>
#include "winsock2.h"


#undef KEY
#if defined(__i386)
# define KEY '_','_','i','3','8','6'
#elif defined(__x86_64)
# define KEY '_','_','x','8','6','_','6','4'
#elif defined(__ppc__)
# define KEY '_','_','p','p','c','_','_'
#elif defined(__ppc64__)
# define KEY '_','_','p','p','c','6','4','_','_'
#elif defined(__aarch64__)
# define KEY '_','_','a','a','r','c','h','6','4','_','_'
#elif defined(__ARM_ARCH_7A__)
# define KEY '_','_','A','R','M','_','A','R','C','H','_','7','A','_','_'
#elif defined(__ARM_ARCH_7S__)
# define KEY '_','_','A','R','M','_','A','R','C','H','_','7','S','_','_'
#endif

#define SIZE (sizeof(socklen_t))
char info_size[] =  {'I', 'N', 'F', 'O', ':', 's','i','z','e','[',
  ('0' + ((SIZE / 10000)%10)),
  ('0' + ((SIZE / 1000)%10)),
  ('0' + ((SIZE / 100)%10)),
  ('0' + ((SIZE / 10)%10)),
  ('0' +  (SIZE    % 10)),
  ']',
#ifdef KEY
  ' ','k','e','y','[', KEY, ']',
#endif
  '\0'};

#ifdef __CLASSIC_C__
int main(argc, argv) int argc; char *argv[];
#else
int main(int argc, char *argv[])
#endif
{
  int require = 0;
  require += info_size[argc];
  (void)argv;
  return require;
}


Performing C SOURCE FILE Test HAVE_STRUCT_SOCKADDR_SA_LEN failed with the following output:
Change Dir: D:/A/SourceCode/Aurora/SelenaSoft/Nmap-7.70/libpcap/Build/CMakeFiles/CMakeTmp

Run Build Command(s):D:/Microsoft Visual Studio 15/MSBuild/15.0/Bin/MSBuild.exe cmTC_39d45.vcxproj /p:Configuration=Debug /p:Platform=x64 /p:VisualStudioVersion=15.0 /v:m 
Microsoft (R) Build Engine version 15.9.21+g9802d43bc3 for .NET Framework
Copyright (C) Microsoft Corporation. All rights reserved.

  Microsoft (R) C/C++ Optimizing Compiler Version 19.16.27032.1 for x64
  Copyright (C) Microsoft Corporation.  All rights reserved.
  
  cl /c /Zi /W3 /WX- /diagnostics:classic /Od /Ob0 /D WIN32 /D _WINDOWS /D HAVE_STRUCT_SOCKADDR_SA_LEN /D "CMAKE_INTDIR=\"Debug\"" /D _MBCS /Gm- /RTC1 /MDd /GS /fp:precise /Qspectre /Zc:wchar_t /Zc:forScope /Zc:inline /Fo"cmTC_39d45.dir\Debug\\" /Fd"cmTC_39d45.dir\Debug\vc141.pdb" /Gd /TC /errorReport:queue "D:\A\SourceCode\Aurora\SelenaSoft\Nmap-7.70\libpcap\Build\CMakeFiles\CMakeTmp\src.c"
  src.c
  
D:\A\SourceCode\Aurora\SelenaSoft\Nmap-7.70\libpcap\Build\CMakeFiles\CMakeTmp\src.c(6): error C2039: 'sa_len': is not a member of 'sockaddr' [D:\A\SourceCode\Aurora\SelenaSoft\Nmap-7.70\libpcap\Build\CMakeFiles\CMakeTmp\cmTC_39d45.vcxproj]
  C:\Program Files (x86)\Windows Kits\10\Include\10.0.17763.0\shared\ws2def.h(235): note: see declaration of 'sockaddr'

Source file was:

#include <winsock2.h>

int main()
{
   (void)sizeof(((struct sockaddr *)0)->sa_len);
   return 0;
}

Determining if the function ffs exists failed with the following output:
Change Dir: D:/A/SourceCode/Aurora/SelenaSoft/Nmap-7.70/libpcap/Build/CMakeFiles/CMakeTmp

Run Build Command(s):D:/Microsoft Visual Studio 15/MSBuild/15.0/Bin/MSBuild.exe cmTC_117c9.vcxproj /p:Configuration=Debug /p:Platform=x64 /p:VisualStudioVersion=15.0 /v:m 
Microsoft (R) Build Engine version 15.9.21+g9802d43bc3 for .NET Framework
Copyright (C) Microsoft Corporation. All rights reserved.

  Microsoft (R) C/C++ Optimizing Compiler Version 19.16.27032.1 for x64
  Copyright (C) Microsoft Corporation.  All rights reserved.
  
  cl /c /Zi /W3 /WX- /diagnostics:classic /Od /Ob0 /D WIN32 /D _WINDOWS /D CHECK_FUNCTION_EXISTS=ffs /D "CMAKE_INTDIR=\"Debug\"" /D _MBCS /Gm- /RTC1 /MDd /GS /fp:precise /Qspectre /Zc:wchar_t /Zc:forScope /Zc:inline /Fo"cmTC_117c9.dir\Debug\\" /Fd"cmTC_117c9.dir\Debug\vc141.pdb" /Gd /TC /errorReport:queue "D:\Programs\CMake\share\cmake-3.14\Modules\CheckFunctionExists.c"
  CheckFunctionExists.c
  
CheckFunctionExists.obj : error LNK2019: unresolved external symbol ffs referenced in function main [D:\A\SourceCode\Aurora\SelenaSoft\Nmap-7.70\libpcap\Build\CMakeFiles\CMakeTmp\cmTC_117c9.vcxproj]
D:\A\SourceCode\Aurora\SelenaSoft\Nmap-7.70\libpcap\Build\CMakeFiles\CMakeTmp\Debug\cmTC_117c9.exe : fatal error LNK1120: 1 unresolved externals [D:\A\SourceCode\Aurora\SelenaSoft\Nmap-7.70\libpcap\Build\CMakeFiles\CMakeTmp\cmTC_117c9.vcxproj]


Determining if the function ether_hostton exists failed with the following output:
Change Dir: D:/A/SourceCode/Aurora/SelenaSoft/Nmap-7.70/libpcap/Build/CMakeFiles/CMakeTmp

Run Build Command(s):D:/Microsoft Visual Studio 15/MSBuild/15.0/Bin/MSBuild.exe cmTC_1e890.vcxproj /p:Configuration=Debug /p:Platform=x64 /p:VisualStudioVersion=15.0 /v:m 
Microsoft (R) Build Engine version 15.9.21+g9802d43bc3 for .NET Framework
Copyright (C) Microsoft Corporation. All rights reserved.

  Microsoft (R) C/C++ Optimizing Compiler Version 19.16.27032.1 for x64
  Copyright (C) Microsoft Corporation.  All rights reserved.
  
  cl /c /Zi /W3 /WX- /diagnostics:classic /Od /Ob0 /D WIN32 /D _WINDOWS /D CHECK_FUNCTION_EXISTS=ether_hostton /D "CMAKE_INTDIR=\"Debug\"" /D _MBCS /Gm- /RTC1 /MDd /GS /fp:precise /Qspectre /Zc:wchar_t /Zc:forScope /Zc:inline /Fo"cmTC_1e890.dir\Debug\\" /Fd"cmTC_1e890.dir\Debug\vc141.pdb" /Gd /TC /errorReport:queue "D:\Programs\CMake\share\cmake-3.14\Modules\CheckFunctionExists.c"
  CheckFunctionExists.c
  
CheckFunctionExists.obj : error LNK2019: unresolved external symbol ether_hostton referenced in function main [D:\A\SourceCode\Aurora\SelenaSoft\Nmap-7.70\libpcap\Build\CMakeFiles\CMakeTmp\cmTC_1e890.vcxproj]
D:\A\SourceCode\Aurora\SelenaSoft\Nmap-7.70\libpcap\Build\CMakeFiles\CMakeTmp\Debug\cmTC_1e890.exe : fatal error LNK1120: 1 unresolved externals [D:\A\SourceCode\Aurora\SelenaSoft\Nmap-7.70\libpcap\Build\CMakeFiles\CMakeTmp\cmTC_1e890.vcxproj]


Performing C SOURCE FILE Test PCAP_SUPPORT_NETMAP failed with the following output:
Change Dir: D:/A/SourceCode/Aurora/SelenaSoft/Nmap-7.70/libpcap/Build/CMakeFiles/CMakeTmp

Run Build Command(s):D:/Microsoft Visual Studio 15/MSBuild/15.0/Bin/MSBuild.exe cmTC_f4dc5.vcxproj /p:Configuration=Debug /p:Platform=x64 /p:VisualStudioVersion=15.0 /v:m 
Microsoft (R) Build Engine version 15.9.21+g9802d43bc3 for .NET Framework
Copyright (C) Microsoft Corporation. All rights reserved.

  Microsoft (R) C/C++ Optimizing Compiler Version 19.16.27032.1 for x64
  Copyright (C) Microsoft Corporation.  All rights reserved.
  
  cl /c /Zi /W3 /WX- /diagnostics:classic /Od /Ob0 /D WIN32 /D _WINDOWS /D PCAP_SUPPORT_NETMAP /D "CMAKE_INTDIR=\"Debug\"" /D _MBCS /Gm- /RTC1 /MDd /GS /fp:precise /Qspectre /Zc:wchar_t /Zc:forScope /Zc:inline /Fo"cmTC_f4dc5.dir\Debug\\" /Fd"cmTC_f4dc5.dir\Debug\vc141.pdb" /Gd /TC /errorReport:queue "D:\A\SourceCode\Aurora\SelenaSoft\Nmap-7.70\libpcap\Build\CMakeFiles\CMakeTmp\src.c"
  src.c
  
D:\A\SourceCode\Aurora\SelenaSoft\Nmap-7.70\libpcap\Build\CMakeFiles\CMakeTmp\src.c(2): fatal error C1083: Cannot open include file: 'net/netmap_user.h': No such file or directory [D:\A\SourceCode\Aurora\SelenaSoft\Nmap-7.70\libpcap\Build\CMakeFiles\CMakeTmp\cmTC_f4dc5.vcxproj]

Source file was:
#define NETMAP_WITH_LIBS
#include <net/netmap_user.h>

int
main(void)
{
    return 0;
}

Determining if the function ibv_get_device_list exists in the ibverbs failed with the following output:
Change Dir: D:/A/SourceCode/Aurora/SelenaSoft/Nmap-7.70/libpcap/Build/CMakeFiles/CMakeTmp

Run Build Command(s):D:/Microsoft Visual Studio 15/MSBuild/15.0/Bin/MSBuild.exe cmTC_b6210.vcxproj /p:Configuration=Debug /p:Platform=x64 /p:VisualStudioVersion=15.0 /v:m 
Microsoft (R) Build Engine version 15.9.21+g9802d43bc3 for .NET Framework
Copyright (C) Microsoft Corporation. All rights reserved.

  Microsoft (R) C/C++ Optimizing Compiler Version 19.16.27032.1 for x64
  Copyright (C) Microsoft Corporation.  All rights reserved.
  
  cl /c /Zi /W3 /WX- /diagnostics:classic /Od /Ob0 /D WIN32 /D _WINDOWS /D CHECK_FUNCTION_EXISTS=ibv_get_device_list /D "CMAKE_INTDIR=\"Debug\"" /D _MBCS /Gm- /RTC1 /MDd /GS /fp:precise /Qspectre /Zc:wchar_t /Zc:forScope /Zc:inline /Fo"cmTC_b6210.dir\Debug\\" /Fd"cmTC_b6210.dir\Debug\vc141.pdb" /Gd /TC /errorReport:queue "D:\Programs\CMake\share\cmake-3.14\Modules\CheckFunctionExists.c"
  CheckFunctionExists.c
  
LINK : fatal error LNK1104: cannot open file 'ibverbs.lib' [D:\A\SourceCode\Aurora\SelenaSoft\Nmap-7.70\libpcap\Build\CMakeFiles\CMakeTmp\cmTC_b6210.vcxproj]


Determining if the include file msg.h exists failed with the following output:
Change Dir: D:/A/SourceCode/Aurora/SelenaSoft/Nmap-7.70/libpcap/Build/CMakeFiles/CMakeTmp

Run Build Command(s):D:/Microsoft Visual Studio 15/MSBuild/15.0/Bin/MSBuild.exe cmTC_52640.vcxproj /p:Configuration=Debug /p:Platform=x64 /p:VisualStudioVersion=15.0 /v:m 
Microsoft (R) Build Engine version 15.9.21+g9802d43bc3 for .NET Framework
Copyright (C) Microsoft Corporation. All rights reserved.

  Microsoft (R) C/C++ Optimizing Compiler Version 19.16.27032.1 for x64
  Copyright (C) Microsoft Corporation.  All rights reserved.
  
  cl /c /I"D:\A\SourceCode\Aurora\SelenaSoft\Nmap-7.70\libpcap\..\septel\INC" /Zi /W3 /WX- /diagnostics:classic /Od /Ob0 /D WIN32 /D _WINDOWS /D "CMAKE_INTDIR=\"Debug\"" /D _MBCS /Gm- /RTC1 /MDd /GS /fp:precise /Qspectre /Zc:wchar_t /Zc:forScope /Zc:inline /Fo"cmTC_52640.dir\Debug\\" /Fd"cmTC_52640.dir\Debug\vc141.pdb" /Gd /TC /errorReport:queue "D:\A\SourceCode\Aurora\SelenaSoft\Nmap-7.70\libpcap\Build\CMakeFiles\CMakeTmp\CheckIncludeFile.c"
  CheckIncludeFile.c
  
D:\A\SourceCode\Aurora\SelenaSoft\Nmap-7.70\libpcap\Build\CMakeFiles\CMakeTmp\CheckIncludeFile.c(1): fatal error C1083: Cannot open include file: 'msg.h': No such file or directory [D:\A\SourceCode\Aurora\SelenaSoft\Nmap-7.70\libpcap\Build\CMakeFiles\CMakeTmp\cmTC_52640.vcxproj]


Performing C SOURCE FILE Test HAVE_STRUCT_MSGHDR_MSG_CONTROL failed with the following output:
Change Dir: D:/A/SourceCode/Aurora/SelenaSoft/Nmap-7.70/libpcap/Build/CMakeFiles/CMakeTmp

Run Build Command(s):D:/Microsoft Visual Studio 15/MSBuild/15.0/Bin/MSBuild.exe cmTC_c4f6a.vcxproj /p:Configuration=Debug /p:Platform=x64 /p:VisualStudioVersion=15.0 /v:m 
Microsoft (R) Build Engine version 15.9.21+g9802d43bc3 for .NET Framework
Copyright (C) Microsoft Corporation. All rights reserved.

  Microsoft (R) C/C++ Optimizing Compiler Version 19.16.27032.1 for x64
  Copyright (C) Microsoft Corporation.  All rights reserved.
  
  cl /c /I"D:\A\SourceCode\Aurora\SelenaSoft\Nmap-7.70\libpcap" /Zi /W3 /WX- /diagnostics:classic /Od /Ob0 /D WIN32 /D _WINDOWS /D HAVE_STRUCT_MSGHDR_MSG_CONTROL /D "CMAKE_INTDIR=\"Debug\"" /D _MBCS /Gm- /RTC1 /MDd /GS /fp:precise /Qspectre /Zc:wchar_t /Zc:forScope /Zc:inline /Fo"cmTC_c4f6a.dir\Debug\\" /Fd"cmTC_c4f6a.dir\Debug\vc141.pdb" /Gd /TC /errorReport:queue "D:\A\SourceCode\Aurora\SelenaSoft\Nmap-7.70\libpcap\Build\CMakeFiles\CMakeTmp\src.c"
  src.c
  
D:\A\SourceCode\Aurora\SelenaSoft\Nmap-7.70\libpcap\Build\CMakeFiles\CMakeTmp\src.c(3): fatal error C1083: Cannot open include file: 'sys/socket.h': No such file or directory [D:\A\SourceCode\Aurora\SelenaSoft\Nmap-7.70\libpcap\Build\CMakeFiles\CMakeTmp\cmTC_c4f6a.vcxproj]

Source file was:

#include <ftmacros.h>
#include <sys/socket.h>

int main()
{
   (void)sizeof(((struct msghdr *)0)->msg_control);
   return 0;
}

Performing C SOURCE FILE Test HAVE_STRUCT_MSGHDR_MSG_FLAGS failed with the following output:
Change Dir: D:/A/SourceCode/Aurora/SelenaSoft/Nmap-7.70/libpcap/Build/CMakeFiles/CMakeTmp

Run Build Command(s):D:/Microsoft Visual Studio 15/MSBuild/15.0/Bin/MSBuild.exe cmTC_edb54.vcxproj /p:Configuration=Debug /p:Platform=x64 /p:VisualStudioVersion=15.0 /v:m 
Microsoft (R) Build Engine version 15.9.21+g9802d43bc3 for .NET Framework
Copyright (C) Microsoft Corporation. All rights reserved.

  Microsoft (R) C/C++ Optimizing Compiler Version 19.16.27032.1 for x64
  Copyright (C) Microsoft Corporation.  All rights reserved.
  
  cl /c /I"D:\A\SourceCode\Aurora\SelenaSoft\Nmap-7.70\libpcap" /Zi /W3 /WX- /diagnostics:classic /Od /Ob0 /D WIN32 /D _WINDOWS /D HAVE_STRUCT_MSGHDR_MSG_FLAGS /D "CMAKE_INTDIR=\"Debug\"" /D _MBCS /Gm- /RTC1 /MDd /GS /fp:precise /Qspectre /Zc:wchar_t /Zc:forScope /Zc:inline /Fo"cmTC_edb54.dir\Debug\\" /Fd"cmTC_edb54.dir\Debug\vc141.pdb" /Gd /TC /errorReport:queue "D:\A\SourceCode\Aurora\SelenaSoft\Nmap-7.70\libpcap\Build\CMakeFiles\CMakeTmp\src.c"
  src.c
  
D:\A\SourceCode\Aurora\SelenaSoft\Nmap-7.70\libpcap\Build\CMakeFiles\CMakeTmp\src.c(3): fatal error C1083: Cannot open include file: 'sys/socket.h': No such file or directory [D:\A\SourceCode\Aurora\SelenaSoft\Nmap-7.70\libpcap\Build\CMakeFiles\CMakeTmp\cmTC_edb54.vcxproj]

Source file was:

#include <ftmacros.h>
#include <sys/socket.h>

int main()
{
   (void)sizeof(((struct msghdr *)0)->msg_flags);
   return 0;
}

